convert-im6.q16: unable to open image `./algoritmos': No such file or directory @ error/blob.c/OpenBlob/2964.
convert-im6.q16: no decode delegate for this image format `' @ error/constitute.c/ReadImage/581.
convert-im6.q16: unable to open image `amazon_aws': No such file or directory @ error/blob.c/OpenBlob/2964.
convert-im6.q16: unable to open image `amazon_aws': No such file or directory @ error/blob.c/OpenBlob/2964.
convert-im6.q16: no decode delegate for this image format `' @ error/constitute.c/ReadImage/581.
convert-im6.q16: unable to open image `arduino_pratico': No such file or directory @ error/blob.c/OpenBlob/2964.
convert-im6.q16: unable to open image `arduino_pratico': No such file or directory @ error/blob.c/OpenBlob/2964.
convert-im6.q16: no decode delegate for this image format `' @ error/constitute.c/ReadImage/581.
convert-im6.q16: unable to open image `asp_net': No such file or directory @ error/blob.c/OpenBlob/2964.
convert-im6.q16: unable to open image `asp_net': No such file or directory @ error/blob.c/OpenBlob/2964.
convert-im6.q16: no decode delegate for this image format `' @ error/constitute.c/ReadImage/581.
convert-im6.q16: unable to open image `big_data': No such file or directory @ error/blob.c/OpenBlob/2964.
convert-im6.q16: unable to open image `big_data': No such file or directory @ error/blob.c/OpenBlob/2964.
convert-im6.q16: no decode delegate for this image format `' @ error/constitute.c/ReadImage/581.
convert-im6.q16: unable to open image `codeigniter': No such file or directory @ error/blob.c/OpenBlob/2964.
convert-im6.q16: unable to open image `codeigniter': No such file or directory @ error/blob.c/OpenBlob/2964.
convert-im6.q16: no decode delegate for this image format `' @ error/constitute.c/ReadImage/581.
convert-im6.q16: unable to open image `cordova': No such file or directory @ error/blob.c/OpenBlob/2964.
convert-im6.q16: unable to open image `cordova': No such file or directory @ error/blob.c/OpenBlob/2964.
convert-im6.q16: no decode delegate for this image format `' @ error/constitute.c/ReadImage/581.
convert-im6.q16: unable to open image `dsl': No such file or directory @ error/blob.c/OpenBlob/2964.
convert-im6.q16: unable to open image `dsl': No such file or directory @ error/blob.c/OpenBlob/2964.
convert-im6.q16: no decode delegate for this image format `' @ error/constitute.c/ReadImage/581.
convert-im6.q16: unable to open image `elasticsearch': No such file or directory @ error/blob.c/OpenBlob/2964.
convert-im6.q16: unable to open image `elasticsearch': No such file or directory @ error/blob.c/OpenBlob/2964.
convert-im6.q16: no decode delegate for this image format `' @ error/constitute.c/ReadImage/581.
convert-im6.q16: unable to open image `es6': No such file or directory @ error/blob.c/OpenBlob/2964.
convert-im6.q16: unable to open image `es6': No such file or directory @ error/blob.c/OpenBlob/2964.
convert-im6.q16: no decode delegate for this image format `' @ error/constitute.c/ReadImage/581.
convert-im6.q16: unable to open image `java_ee': No such file or directory @ error/blob.c/OpenBlob/2964.
convert-im6.q16: unable to open image `java_ee': No such file or directory @ error/blob.c/OpenBlob/2964.
convert-im6.q16: no decode delegate for this image format `' @ error/constitute.c/ReadImage/581.
convert-im6.q16: unable to open image `jenkins': No such file or directory @ error/blob.c/OpenBlob/2964.
convert-im6.q16: unable to open image `jenkins': No such file or directory @ error/blob.c/OpenBlob/2964.
convert-im6.q16: no decode delegate for this image format `' @ error/constitute.c/ReadImage/581.
convert-im6.q16: unable to open image `jquery': No such file or directory @ error/blob.c/OpenBlob/2964.
convert-im6.q16: unable to open image `jquery': No such file or directory @ error/blob.c/OpenBlob/2964.
convert-im6.q16: no decode delegate for this image format `' @ error/constitute.c/ReadImage/581.
convert-im6.q16: unable to open image `mantra_produtividade': No such file or directory @ error/blob.c/OpenBlob/2964.
convert-im6.q16: unable to open image `mantra_produtividade': No such file or directory @ error/blob.c/OpenBlob/2964.
convert-im6.q16: no decode delegate for this image format `' @ error/constitute.c/ReadImage/581.
convert-im6.q16: unable to open image `metricas_ageis': No such file or directory @ error/blob.c/OpenBlob/2964.
convert-im6.q16: unable to open image `metricas_ageis': No such file or directory @ error/blob.c/OpenBlob/2964.
convert-im6.q16: no decode delegate for this image format `' @ error/constitute.c/ReadImage/581.
convert-im6.q16: unable to open image `node': No such file or directory @ error/blob.c/OpenBlob/2964.
convert-im6.q16: unable to open image `node': No such file or directory @ error/blob.c/OpenBlob/2964.
convert-im6.q16: no decode delegate for this image format `' @ error/constitute.c/ReadImage/581.
convert-im6.q16: unable to open image `nosql': No such file or directory @ error/blob.c/OpenBlob/2964.
convert-im6.q16: unable to open image `nosql': No such file or directory @ error/blob.c/OpenBlob/2964.
convert-im6.q16: no decode delegate for this image format `' @ error/constitute.c/ReadImage/581.
convert-im6.q16: unable to open image `./png/algoritmos': No such file or directory @ error/blob.c/OpenBlob/2964.
convert-im6.q16: unable to open image `./png/algoritmos': No such file or directory @ error/blob.c/OpenBlob/2964.
convert-im6.q16: no decode delegate for this image format `' @ error/constitute.c/ReadImage/581.
convert-im6.q16: unable to open image `amazon_aws': No such file or directory @ error/blob.c/OpenBlob/2964.
convert-im6.q16: unable to open image `amazon_aws': No such file or directory @ error/blob.c/OpenBlob/2964.
convert-im6.q16: no decode delegate for this image format `' @ error/constitute.c/ReadImage/581.
convert-im6.q16: unable to open image `arduino_pratico': No such file or directory @ error/blob.c/OpenBlob/2964.
convert-im6.q16: unable to open image `arduino_pratico': No such file or directory @ error/blob.c/OpenBlob/2964.
convert-im6.q16: no decode delegate for this image format `' @ error/constitute.c/ReadImage/581.
convert-im6.q16: unable to open image `asp_net': No such file or directory @ error/blob.c/OpenBlob/2964.
convert-im6.q16: unable to open image `asp_net': No such file or directory @ error/blob.c/OpenBlob/2964.
convert-im6.q16: no decode delegate for this image format `' @ error/constitute.c/ReadImage/581.
convert-im6.q16: unable to open image `big_data': No such file or directory @ error/blob.c/OpenBlob/2964.
convert-im6.q16: unable to open image `big_data': No such file or directory @ error/blob.c/OpenBlob/2964.
convert-im6.q16: TooManyExceptions (exception processing is suspended) @ warning/exception.c/ThrowException/1054.
convert-im6.q16: no decode delegate for this image format `' @ error/constitute.c/ReadImage/581.
convert-im6.q16: unable to open image `./read.jpg': No such file or directory @ error/blob.c/OpenBlob/2964.
convert-im6.q16: no images defined `./png/read.png' @ error/convert.c/ConvertImageCommand/3234.
./convert-jpg-png.sh: line 9: cd: ./imagens-livros/: No such file or directory
convert-im6.q16: unable to open image `./algoritmos': No such file or directory @ error/blob.c/OpenBlob/2964.
convert-im6.q16: no decode delegate for this image format `' @ error/constitute.c/ReadImage/581.
convert-im6.q16: unable to open image `amazon_aws': No such file or directory @ error/blob.c/OpenBlob/2964.
convert-im6.q16: unable to open image `amazon_aws': No such file or directory @ error/blob.c/OpenBlob/2964.
convert-im6.q16: no decode delegate for this image format `' @ error/constitute.c/ReadImage/581.
convert-im6.q16: unable to open image `arduino_pratico': No such file or directory @ error/blob.c/OpenBlob/2964.
convert-im6.q16: unable to open image `arduino_pratico': No such file or directory @ error/blob.c/OpenBlob/2964.
convert-im6.q16: no decode delegate for this image format `' @ error/constitute.c/ReadImage/581.
convert-im6.q16: unable to open image `asp_net': No such file or directory @ error/blob.c/OpenBlob/2964.
convert-im6.q16: unable to open image `asp_net': No such file or directory @ error/blob.c/OpenBlob/2964.
convert-im6.q16: no decode delegate for this image format `' @ error/constitute.c/ReadImage/581.
convert-im6.q16: unable to open image `big_data': No such file or directory @ error/blob.c/OpenBlob/2964.
convert-im6.q16: unable to open image `big_data': No such file or directory @ error/blob.c/OpenBlob/2964.
convert-im6.q16: no decode delegate for this image format `' @ error/constitute.c/ReadImage/581.
convert-im6.q16: unable to open image `codeigniter': No such file or directory @ error/blob.c/OpenBlob/2964.
convert-im6.q16: unable to open image `codeigniter': No such file or directory @ error/blob.c/OpenBlob/2964.
convert-im6.q16: no decode delegate for this image format `' @ error/constitute.c/ReadImage/581.
convert-im6.q16: unable to open image `cordova': No such file or directory @ error/blob.c/OpenBlob/2964.
convert-im6.q16: unable to open image `cordova': No such file or directory @ error/blob.c/OpenBlob/2964.
convert-im6.q16: no decode delegate for this image format `' @ error/constitute.c/ReadImage/581.
convert-im6.q16: unable to open image `dsl': No such file or directory @ error/blob.c/OpenBlob/2964.
convert-im6.q16: unable to open image `dsl': No such file or directory @ error/blob.c/OpenBlob/2964.
convert-im6.q16: no decode delegate for this image format `' @ error/constitute.c/ReadImage/581.
convert-im6.q16: unable to open image `elasticsearch': No such file or directory @ error/blob.c/OpenBlob/2964.
convert-im6.q16: unable to open image `elasticsearch': No such file or directory @ error/blob.c/OpenBlob/2964.
convert-im6.q16: no decode delegate for this image format `' @ error/constitute.c/ReadImage/581.
convert-im6.q16: unable to open image `es6': No such file or directory @ error/blob.c/OpenBlob/2964.
convert-im6.q16: unable to open image `es6': No such file or directory @ error/blob.c/OpenBlob/2964.
convert-im6.q16: no decode delegate for this image format `' @ error/constitute.c/ReadImage/581.
convert-im6.q16: unable to open image `java_ee': No such file or directory @ error/blob.c/OpenBlob/2964.
convert-im6.q16: unable to open image `java_ee': No such file or directory @ error/blob.c/OpenBlob/2964.
convert-im6.q16: no decode delegate for this image format `' @ error/constitute.c/ReadImage/581.
convert-im6.q16: unable to open image `jenkins': No such file or directory @ error/blob.c/OpenBlob/2964.
convert-im6.q16: unable to open image `jenkins': No such file or directory @ error/blob.c/OpenBlob/2964.
convert-im6.q16: no decode delegate for this image format `' @ error/constitute.c/ReadImage/581.
convert-im6.q16: unable to open image `jquery': No such file or directory @ error/blob.c/OpenBlob/2964.
convert-im6.q16: unable to open image `jquery': No such file or directory @ error/blob.c/OpenBlob/2964.
convert-im6.q16: no decode delegate for this image format `' @ error/constitute.c/ReadImage/581.
convert-im6.q16: unable to open image `mantra_produtividade': No such file or directory @ error/blob.c/OpenBlob/2964.
convert-im6.q16: unable to open image `mantra_produtividade': No such file or directory @ error/blob.c/OpenBlob/2964.
convert-im6.q16: no decode delegate for this image format `' @ error/constitute.c/ReadImage/581.
convert-im6.q16: unable to open image `metricas_ageis': No such file or directory @ error/blob.c/OpenBlob/2964.
convert-im6.q16: unable to open image `metricas_ageis': No such file or directory @ error/blob.c/OpenBlob/2964.
convert-im6.q16: no decode delegate for this image format `' @ error/constitute.c/ReadImage/581.
convert-im6.q16: unable to open image `node': No such file or directory @ error/blob.c/OpenBlob/2964.
convert-im6.q16: unable to open image `node': No such file or directory @ error/blob.c/OpenBlob/2964.
convert-im6.q16: no decode delegate for this image format `' @ error/constitute.c/ReadImage/581.
convert-im6.q16: unable to open image `nosql': No such file or directory @ error/blob.c/OpenBlob/2964.
convert-im6.q16: unable to open image `nosql': No such file or directory @ error/blob.c/OpenBlob/2964.
convert-im6.q16: no decode delegate for this image format `' @ error/constitute.c/ReadImage/581.
convert-im6.q16: unable to open image `orientacao_objetos': No such file or directory @ error/blob.c/OpenBlob/2964.
convert-im6.q16: unable to open image `orientacao_objetos': No such file or directory @ error/blob.c/OpenBlob/2964.
convert-im6.q16: no decode delegate for this image format `' @ error/constitute.c/ReadImage/581.
convert-im6.q16: unable to open image `postgres': No such file or directory @ error/blob.c/OpenBlob/2964.
convert-im6.q16: unable to open image `postgres': No such file or directory @ error/blob.c/OpenBlob/2964.
convert-im6.q16: no decode delegate for this image format `' @ error/constitute.c/ReadImage/581.
convert-im6.q16: unable to open image `sass': No such file or directory @ error/blob.c/OpenBlob/2964.
convert-im6.q16: unable to open image `sass': No such file or directory @ error/blob.c/OpenBlob/2964.
convert-im6.q16: no decode delegate for this image format `' @ error/constitute.c/ReadImage/581.
convert-im6.q16: unable to open image `scala': No such file or directory @ error/blob.c/OpenBlob/2964.
convert-im6.q16: unable to open image `scala': No such file or directory @ error/blob.c/OpenBlob/2964.
convert-im6.q16: no decode delegate for this image format `' @ error/constitute.c/ReadImage/581.
convert-im6.q16: unable to open image `scratch': No such file or directory @ error/blob.c/OpenBlob/2964.
convert-im6.q16: unable to open image `scratch': No such file or directory @ error/blob.c/OpenBlob/2964.
convert-im6.q16: TooManyExceptions (exception processing is suspended) @ warning/exception.c/ThrowException/1054.
convert-im6.q16: no decode delegate for this image format `' @ error/constitute.c/ReadImage/581.
convert-im6.q16: unable to open image `./read.jpg': No such file or directory @ error/blob.c/OpenBlob/2964.
convert-im6.q16: no images defined `./png/read.png' @ error/convert.c/ConvertImageCommand/3234.
./convert-jpg-png.sh: line 9: cd: ./imagens-livros/: No such file or directory
convert-im6.q16: unable to open image `./algoritmos': No such file or directory @ error/blob.c/OpenBlob/2964.
convert-im6.q16: no decode delegate for this image format `' @ error/constitute.c/ReadImage/581.
convert-im6.q16: unable to open image `amazon_aws': No such file or directory @ error/blob.c/OpenBlob/2964.
convert-im6.q16: unable to open image `amazon_aws': No such file or directory @ error/blob.c/OpenBlob/2964.
convert-im6.q16: no decode delegate for this image format `' @ error/constitute.c/ReadImage/581.
convert-im6.q16: unable to open image `arduino_pratico': No such file or directory @ error/blob.c/OpenBlob/2964.
convert-im6.q16: unable to open image `arduino_pratico': No such file or directory @ error/blob.c/OpenBlob/2964.
convert-im6.q16: no decode delegate for this image format `' @ error/constitute.c/ReadImage/581.
convert-im6.q16: unable to open image `asp_net': No such file or directory @ error/blob.c/OpenBlob/2964.
convert-im6.q16: unable to open image `asp_net': No such file or directory @ error/blob.c/OpenBlob/2964.
convert-im6.q16: no decode delegate for this image format `' @ error/constitute.c/ReadImage/581.
convert-im6.q16: unable to open image `big_data': No such file or directory @ error/blob.c/OpenBlob/2964.
convert-im6.q16: unable to open image `big_data': No such file or directory @ error/blob.c/OpenBlob/2964.
convert-im6.q16: no decode delegate for this image format `' @ error/constitute.c/ReadImage/581.
convert-im6.q16: unable to open image `codeigniter': No such file or directory @ error/blob.c/OpenBlob/2964.
convert-im6.q16: unable to open image `codeigniter': No such file or directory @ error/blob.c/OpenBlob/2964.
convert-im6.q16: no decode delegate for this image format `' @ error/constitute.c/ReadImage/581.
convert-im6.q16: unable to open image `cordova': No such file or directory @ error/blob.c/OpenBlob/2964.
convert-im6.q16: unable to open image `cordova': No such file or directory @ error/blob.c/OpenBlob/2964.
convert-im6.q16: no decode delegate for this image format `' @ error/constitute.c/ReadImage/581.
convert-im6.q16: unable to open image `dsl': No such file or directory @ error/blob.c/OpenBlob/2964.
convert-im6.q16: unable to open image `dsl': No such file or directory @ error/blob.c/OpenBlob/2964.
convert-im6.q16: no decode delegate for this image format `' @ error/constitute.c/ReadImage/581.
convert-im6.q16: unable to open image `elasticsearch': No such file or directory @ error/blob.c/OpenBlob/2964.
convert-im6.q16: unable to open image `elasticsearch': No such file or directory @ error/blob.c/OpenBlob/2964.
convert-im6.q16: no decode delegate for this image format `' @ error/constitute.c/ReadImage/581.
convert-im6.q16: unable to open image `es6': No such file or directory @ error/blob.c/OpenBlob/2964.
convert-im6.q16: unable to open image `es6': No such file or directory @ error/blob.c/OpenBlob/2964.
convert-im6.q16: no decode delegate for this image format `' @ error/constitute.c/ReadImage/581.
convert-im6.q16: unable to open image `java_ee': No such file or directory @ error/blob.c/OpenBlob/2964.
convert-im6.q16: unable to open image `java_ee': No such file or directory @ error/blob.c/OpenBlob/2964.
convert-im6.q16: no decode delegate for this image format `' @ error/constitute.c/ReadImage/581.
convert-im6.q16: unable to open image `jenkins': No such file or directory @ error/blob.c/OpenBlob/2964.
convert-im6.q16: unable to open image `jenkins': No such file or directory @ error/blob.c/OpenBlob/2964.
convert-im6.q16: no decode delegate for this image format `' @ error/constitute.c/ReadImage/581.
convert-im6.q16: unable to open image `jquery': No such file or directory @ error/blob.c/OpenBlob/2964.
convert-im6.q16: unable to open image `jquery': No such file or directory @ error/blob.c/OpenBlob/2964.
convert-im6.q16: no decode delegate for this image format `' @ error/constitute.c/ReadImage/581.
convert-im6.q16: unable to open image `mantra_produtividade': No such file or directory @ error/blob.c/OpenBlob/2964.
convert-im6.q16: unable to open image `mantra_produtividade': No such file or directory @ error/blob.c/OpenBlob/2964.
convert-im6.q16: no decode delegate for this image format `' @ error/constitute.c/ReadImage/581.
convert-im6.q16: unable to open image `metricas_ageis': No such file or directory @ error/blob.c/OpenBlob/2964.
convert-im6.q16: unable to open image `metricas_ageis': No such file or directory @ error/blob.c/OpenBlob/2964.
convert-im6.q16: no decode delegate for this image format `' @ error/constitute.c/ReadImage/581.
convert-im6.q16: unable to open image `node': No such file or directory @ error/blob.c/OpenBlob/2964.
convert-im6.q16: unable to open image `node': No such file or directory @ error/blob.c/OpenBlob/2964.
convert-im6.q16: no decode delegate for this image format `' @ error/constitute.c/ReadImage/581.
convert-im6.q16: unable to open image `nosql': No such file or directory @ error/blob.c/OpenBlob/2964.
convert-im6.q16: unable to open image `nosql': No such file or directory @ error/blob.c/OpenBlob/2964.
convert-im6.q16: no decode delegate for this image format `' @ error/constitute.c/ReadImage/581.
convert-im6.q16: unable to open image `orientacao_objetos': No such file or directory @ error/blob.c/OpenBlob/2964.
convert-im6.q16: unable to open image `orientacao_objetos': No such file or directory @ error/blob.c/OpenBlob/2964.
convert-im6.q16: no decode delegate for this image format `' @ error/constitute.c/ReadImage/581.
convert-im6.q16: unable to open image `postgres': No such file or directory @ error/blob.c/OpenBlob/2964.
convert-im6.q16: unable to open image `postgres': No such file or directory @ error/blob.c/OpenBlob/2964.
convert-im6.q16: no decode delegate for this image format `' @ error/constitute.c/ReadImage/581.
convert-im6.q16: unable to open image `sass': No such file or directory @ error/blob.c/OpenBlob/2964.
convert-im6.q16: unable to open image `sass': No such file or directory @ error/blob.c/OpenBlob/2964.
convert-im6.q16: no decode delegate for this image format `' @ error/constitute.c/ReadImage/581.
convert-im6.q16: unable to open image `scala': No such file or directory @ error/blob.c/OpenBlob/2964.
convert-im6.q16: unable to open image `scala': No such file or directory @ error/blob.c/OpenBlob/2964.
convert-im6.q16: no decode delegate for this image format `' @ error/constitute.c/ReadImage/581.
convert-im6.q16: unable to open image `scratch': No such file or directory @ error/blob.c/OpenBlob/2964.
convert-im6.q16: unable to open image `scratch': No such file or directory @ error/blob.c/OpenBlob/2964.
convert-im6.q16: TooManyExceptions (exception processing is suspended) @ warning/exception.c/ThrowException/1054.
convert-im6.q16: no decode delegate for this image format `' @ error/constitute.c/ReadImage/581.
convert-im6.q16: unable to open image `./read.jpg': No such file or directory @ error/blob.c/OpenBlob/2964.
convert-im6.q16: no images defined `./png/read.png' @ error/convert.c/ConvertImageCommand/3234.
./convert-jpg-png.sh: line 9: cd: ./imagens-livros/: No such file or directory
convert-im6.q16: unable to open image `./algoritmos': No such file or directory @ error/blob.c/OpenBlob/2964.
convert-im6.q16: no decode delegate for this image format `' @ error/constitute.c/ReadImage/581.
convert-im6.q16: unable to open image `amazon_aws': No such file or directory @ error/blob.c/OpenBlob/2964.
convert-im6.q16: unable to open image `amazon_aws': No such file or directory @ error/blob.c/OpenBlob/2964.
convert-im6.q16: no decode delegate for this image format `' @ error/constitute.c/ReadImage/581.
convert-im6.q16: unable to open image `arduino_pratico': No such file or directory @ error/blob.c/OpenBlob/2964.
convert-im6.q16: unable to open image `arduino_pratico': No such file or directory @ error/blob.c/OpenBlob/2964.
convert-im6.q16: no decode delegate for this image format `' @ error/constitute.c/ReadImage/581.
convert-im6.q16: unable to open image `asp_net': No such file or directory @ error/blob.c/OpenBlob/2964.
convert-im6.q16: unable to open image `asp_net': No such file or directory @ error/blob.c/OpenBlob/2964.
convert-im6.q16: no decode delegate for this image format `' @ error/constitute.c/ReadImage/581.
convert-im6.q16: unable to open image `big_data': No such file or directory @ error/blob.c/OpenBlob/2964.
convert-im6.q16: unable to open image `big_data': No such file or directory @ error/blob.c/OpenBlob/2964.
convert-im6.q16: no decode delegate for this image format `' @ error/constitute.c/ReadImage/581.
convert-im6.q16: unable to open image `codeigniter': No such file or directory @ error/blob.c/OpenBlob/2964.
convert-im6.q16: unable to open image `codeigniter': No such file or directory @ error/blob.c/OpenBlob/2964.
convert-im6.q16: no decode delegate for this image format `' @ error/constitute.c/ReadImage/581.
convert-im6.q16: unable to open image `cordova': No such file or directory @ error/blob.c/OpenBlob/2964.
convert-im6.q16: unable to open image `cordova': No such file or directory @ error/blob.c/OpenBlob/2964.
convert-im6.q16: no decode delegate for this image format `' @ error/constitute.c/ReadImage/581.
convert-im6.q16: unable to open image `dsl': No such file or directory @ error/blob.c/OpenBlob/2964.
convert-im6.q16: unable to open image `dsl': No such file or directory @ error/blob.c/OpenBlob/2964.
convert-im6.q16: no decode delegate for this image format `' @ error/constitute.c/ReadImage/581.
convert-im6.q16: unable to open image `elasticsearch': No such file or directory @ error/blob.c/OpenBlob/2964.
convert-im6.q16: unable to open image `elasticsearch': No such file or directory @ error/blob.c/OpenBlob/2964.
convert-im6.q16: no decode delegate for this image format `' @ error/constitute.c/ReadImage/581.
convert-im6.q16: unable to open image `es6': No such file or directory @ error/blob.c/OpenBlob/2964.
convert-im6.q16: unable to open image `es6': No such file or directory @ error/blob.c/OpenBlob/2964.
convert-im6.q16: no decode delegate for this image format `' @ error/constitute.c/ReadImage/581.
convert-im6.q16: unable to open image `java_ee': No such file or directory @ error/blob.c/OpenBlob/2964.
convert-im6.q16: unable to open image `java_ee': No such file or directory @ error/blob.c/OpenBlob/2964.
convert-im6.q16: no decode delegate for this image format `' @ error/constitute.c/ReadImage/581.
convert-im6.q16: unable to open image `jenkins': No such file or directory @ error/blob.c/OpenBlob/2964.
convert-im6.q16: unable to open image `jenkins': No such file or directory @ error/blob.c/OpenBlob/2964.
convert-im6.q16: no decode delegate for this image format `' @ error/constitute.c/ReadImage/581.
convert-im6.q16: unable to open image `jquery': No such file or directory @ error/blob.c/OpenBlob/2964.
convert-im6.q16: unable to open image `jquery': No such file or directory @ error/blob.c/OpenBlob/2964.
convert-im6.q16: no decode delegate for this image format `' @ error/constitute.c/ReadImage/581.
convert-im6.q16: unable to open image `mantra_produtividade': No such file or directory @ error/blob.c/OpenBlob/2964.
convert-im6.q16: unable to open image `mantra_produtividade': No such file or directory @ error/blob.c/OpenBlob/2964.
convert-im6.q16: no decode delegate for this image format `' @ error/constitute.c/ReadImage/581.
convert-im6.q16: unable to open image `metricas_ageis': No such file or directory @ error/blob.c/OpenBlob/2964.
convert-im6.q16: unable to open image `metricas_ageis': No such file or directory @ error/blob.c/OpenBlob/2964.
convert-im6.q16: no decode delegate for this image format `' @ error/constitute.c/ReadImage/581.
convert-im6.q16: unable to open image `node': No such file or directory @ error/blob.c/OpenBlob/2964.
convert-im6.q16: unable to open image `node': No such file or directory @ error/blob.c/OpenBlob/2964.
convert-im6.q16: no decode delegate for this image format `' @ error/constitute.c/ReadImage/581.
convert-im6.q16: unable to open image `nosql': No such file or directory @ error/blob.c/OpenBlob/2964.
convert-im6.q16: unable to open image `nosql': No such file or directory @ error/blob.c/OpenBlob/2964.
convert-im6.q16: no decode delegate for this image format `' @ error/constitute.c/ReadImage/581.
convert-im6.q16: unable to open image `orientacao_objetos': No such file or directory @ error/blob.c/OpenBlob/2964.
convert-im6.q16: unable to open image `orientacao_objetos': No such file or directory @ error/blob.c/OpenBlob/2964.
convert-im6.q16: no decode delegate for this image format `' @ error/constitute.c/ReadImage/581.
convert-im6.q16: unable to open image `postgres': No such file or directory @ error/blob.c/OpenBlob/2964.
convert-im6.q16: unable to open image `postgres': No such file or directory @ error/blob.c/OpenBlob/2964.
convert-im6.q16: no decode delegate for this image format `' @ error/constitute.c/ReadImage/581.
convert-im6.q16: unable to open image `sass': No such file or directory @ error/blob.c/OpenBlob/2964.
convert-im6.q16: unable to open image `sass': No such file or directory @ error/blob.c/OpenBlob/2964.
convert-im6.q16: no decode delegate for this image format `' @ error/constitute.c/ReadImage/581.
convert-im6.q16: unable to open image `scala': No such file or directory @ error/blob.c/OpenBlob/2964.
convert-im6.q16: unable to open image `scala': No such file or directory @ error/blob.c/OpenBlob/2964.
convert-im6.q16: no decode delegate for this image format `' @ error/constitute.c/ReadImage/581.
convert-im6.q16: unable to open image `scratch': No such file or directory @ error/blob.c/OpenBlob/2964.
convert-im6.q16: unable to open image `scratch': No such file or directory @ error/blob.c/OpenBlob/2964.
convert-im6.q16: TooManyExceptions (exception processing is suspended) @ warning/exception.c/ThrowException/1054.
convert-im6.q16: no decode delegate for this image format `' @ error/constitute.c/ReadImage/581.
convert-im6.q16: unable to open image `./read.jpg': No such file or directory @ error/blob.c/OpenBlob/2964.
convert-im6.q16: no images defined `./png/read.png' @ error/convert.c/ConvertImageCommand/3234.
./convert-jpg-png.sh: line 9: cd: ./imagens-livros/: No such file or directory
